<?xml version="1.0" encoding="UTF-8"?>
<!-- Generated by org.testng.reporters.JUnitXMLReporter -->
<testsuite hostname="DESKTOP-MD2112N" ignored="0" name="Get Started Form Test" tests="3" failures="0" timestamp="08 Mar 2021 23:47:11 GMT" time="36.437" errors="0">
  <testcase name="GetStartedForm" time="11.004" classname="com.nationalguard.testcases.GetStartedFormTestPageObject"/>
  <testcase name="GetStartedForm" time="22.887" classname="com.nationalguard.testcases.GetStartedFormTestPageObject"/>
  <testcase name="GetStartedForm" time="0.006" classname="com.nationalguard.testcases.GetStartedFormTestPageObject">
    <skipped/>
  </testcase> <!-- GetStartedForm -->
</testsuite> <!-- Get Started Form Test -->
