<?xml version="1.0" encoding="UTF-8"?>
<!-- Generated by org.testng.reporters.JUnitXMLReporter -->
<testsuite hostname="DESKTOP-MD2112N" ignored="0" name="Get Started Form Test" tests="3" failures="0" timestamp="16 Mar 2021 23:13:58 GMT" time="33.837" errors="0">
  <testcase name="GetStartedForm" time="10.924" classname="com.nationalguard.testcases.GetStartedFormTestPageObject"/>
  <testcase name="GetStartedForm" time="20.835" classname="com.nationalguard.testcases.GetStartedFormTestPageObject"/>
  <testcase name="GetStartedForm" time="0.003" classname="com.nationalguard.testcases.GetStartedFormTestPageObject">
    <skipped/>
  </testcase> <!-- GetStartedForm -->
</testsuite> <!-- Get Started Form Test -->
