<?xml version="1.0" encoding="UTF-8"?>
<testng-results skipped="1" failed="0" ignored="0" total="3" passed="2">
  <reporter-output>
  </reporter-output>
  <suite name="Suite" duration-ms="33837" started-at="2021-03-16T23:13:24Z" finished-at="2021-03-16T23:13:58Z">
    <groups>
    </groups>
    <test name="Get Started Form Test" duration-ms="33837" started-at="2021-03-16T23:13:24Z" finished-at="2021-03-16T23:13:58Z">
      <class name="com.nationalguard.testcases.GetStartedFormTestPageObject">
        <test-method status="PASS" signature="setUp()[pri:0, instance:com.nationalguard.testcases.GetStartedFormTestPageObject@1bb266b3]" name="setUp" is-config="true" duration-ms="416" started-at="2021-03-16T23:13:24Z" finished-at="2021-03-16T23:13:24Z">
          <reporter-output>
          </reporter-output>
        </test-method> <!-- setUp -->
        <test-method status="PASS" signature="GetStartedForm(java.util.Hashtable)[pri:0, instance:com.nationalguard.testcases.GetStartedFormTestPageObject@1bb266b3]" name="GetStartedForm" duration-ms="10924" started-at="2021-03-16T23:13:24Z" data-provider="data" finished-at="2021-03-16T23:13:35Z">
          <params>
            <param index="0">
              <value>
                <![CDATA[{Birthdate=02-11-1990, FirstName=Tom, Zipcode=22009, LastName=Smith, Runmode=Y, PhoneNumber=(571)-379-0222, Email=tom@tom.com, Browser=chrome}]]>
              </value>
            </param>
          </params>
          <reporter-output>
          </reporter-output>
        </test-method> <!-- GetStartedForm -->
        <test-method status="PASS" signature="quit()[pri:0, instance:com.nationalguard.testcases.GetStartedFormTestPageObject@1bb266b3]" name="quit" is-config="true" duration-ms="696" started-at="2021-03-16T23:13:35Z" finished-at="2021-03-16T23:13:36Z">
          <reporter-output>
          </reporter-output>
        </test-method> <!-- quit -->
        <test-method status="PASS" signature="GetStartedForm(java.util.Hashtable)[pri:0, instance:com.nationalguard.testcases.GetStartedFormTestPageObject@1bb266b3]" name="GetStartedForm" duration-ms="20835" started-at="2021-03-16T23:13:36Z" data-provider="data" finished-at="2021-03-16T23:13:56Z">
          <params>
            <param index="0">
              <value>
                <![CDATA[{Birthdate=02-11-1991, FirstName=Tommy, Zipcode=22015, LastName=Smith, Runmode=Y, PhoneNumber=(571)-379-0222, Email=tom@tom.com, Browser=firefox}]]>
              </value>
            </param>
          </params>
          <reporter-output>
          </reporter-output>
        </test-method> <!-- GetStartedForm -->
        <test-method status="PASS" signature="quit()[pri:0, instance:com.nationalguard.testcases.GetStartedFormTestPageObject@1bb266b3]" name="quit" is-config="true" duration-ms="1340" started-at="2021-03-16T23:13:56Z" finished-at="2021-03-16T23:13:58Z">
          <reporter-output>
          </reporter-output>
        </test-method> <!-- quit -->
        <test-method status="SKIP" signature="GetStartedForm(java.util.Hashtable)[pri:0, instance:com.nationalguard.testcases.GetStartedFormTestPageObject@1bb266b3]" name="GetStartedForm" duration-ms="3" started-at="2021-03-16T23:13:58Z" data-provider="data" finished-at="2021-03-16T23:13:58Z">
          <params>
            <param index="0">
              <value>
                <![CDATA[{Birthdate=02-11-1992, FirstName=Toom, Zipcode=22003, LastName=Smith, Runmode=N, PhoneNumber=(571)-379-0222, Email=tom@tom.com, Browser=chrome}]]>
              </value>
            </param>
          </params>
          <exception class="org.testng.SkipException">
            <message>
              <![CDATA[Test skipped since rumode is N]]>
            </message>
            <full-stacktrace>
              <![CDATA[org.testng.SkipException: Test skipped since rumode is N
at com.nationalguard.testcases.GetStartedFormTestPageObject.GetStartedForm(GetStartedFormTestPageObject.java:40)
at sun.reflect.NativeMethodAccessorImpl.invoke0(Native Method)
at sun.reflect.NativeMethodAccessorImpl.invoke(NativeMethodAccessorImpl.java:62)
at sun.reflect.DelegatingMethodAccessorImpl.invoke(DelegatingMethodAccessorImpl.java:43)
at java.lang.reflect.Method.invoke(Method.java:498)
at org.testng.internal.MethodInvocationHelper.invokeMethod(MethodInvocationHelper.java:124)
at org.testng.internal.Invoker.invokeMethod(Invoker.java:583)
at org.testng.internal.Invoker.invokeTestMethod(Invoker.java:719)
at org.testng.internal.Invoker.invokeTestMethods(Invoker.java:989)
at org.testng.internal.TestMethodWorker.invokeTestMethods(TestMethodWorker.java:125)
at org.testng.internal.TestMethodWorker.run(TestMethodWorker.java:109)
at org.testng.TestRunner.privateRun(TestRunner.java:648)
at org.testng.TestRunner.run(TestRunner.java:505)
at org.testng.SuiteRunner.runTest(SuiteRunner.java:455)
at org.testng.SuiteRunner.runSequentially(SuiteRunner.java:450)
at org.testng.SuiteRunner.privateRun(SuiteRunner.java:415)
at org.testng.SuiteRunner.run(SuiteRunner.java:364)
at org.testng.SuiteRunnerWorker.runSuite(SuiteRunnerWorker.java:52)
at org.testng.SuiteRunnerWorker.run(SuiteRunnerWorker.java:84)
at org.testng.TestNG.runSuitesSequentially(TestNG.java:1208)
at org.testng.TestNG.runSuitesLocally(TestNG.java:1137)
at org.testng.TestNG.runSuites(TestNG.java:1049)
at org.testng.TestNG.run(TestNG.java:1017)
at org.apache.maven.surefire.testng.TestNGExecutor.run(TestNGExecutor.java:283)
at org.apache.maven.surefire.testng.TestNGXmlTestSuite.execute(TestNGXmlTestSuite.java:75)
at org.apache.maven.surefire.testng.TestNGProvider.invoke(TestNGProvider.java:120)
at org.apache.maven.surefire.booter.ForkedBooter.invokeProviderInSameClassLoader(ForkedBooter.java:384)
at org.apache.maven.surefire.booter.ForkedBooter.runSuitesInProcess(ForkedBooter.java:345)
at org.apache.maven.surefire.booter.ForkedBooter.execute(ForkedBooter.java:126)
at org.apache.maven.surefire.booter.ForkedBooter.main(ForkedBooter.java:418)
]]>
            </full-stacktrace>
          </exception> <!-- org.testng.SkipException -->
          <reporter-output>
          </reporter-output>
        </test-method> <!-- GetStartedForm -->
        <test-method status="PASS" signature="quit()[pri:0, instance:com.nationalguard.testcases.GetStartedFormTestPageObject@1bb266b3]" name="quit" is-config="true" duration-ms="0" started-at="2021-03-16T23:13:58Z" finished-at="2021-03-16T23:13:58Z">
          <reporter-output>
          </reporter-output>
        </test-method> <!-- quit -->
        <test-method status="PASS" signature="tearDown()[pri:0, instance:com.nationalguard.testcases.GetStartedFormTestPageObject@1bb266b3]" name="tearDown" is-config="true" duration-ms="0" started-at="2021-03-16T23:13:58Z" finished-at="2021-03-16T23:13:58Z">
          <reporter-output>
          </reporter-output>
        </test-method> <!-- tearDown -->
      </class> <!-- com.nationalguard.testcases.GetStartedFormTestPageObject -->
    </test> <!-- Get Started Form Test -->
  </suite> <!-- Suite -->
</testng-results>
